<?xml version="1.0" encoding="UTF-8"?>
<!-- Generated by org.testng.reporters.JUnitXMLReporter -->
<testsuite ignored="0" hostname="LAPTOP-DCLCG8PK" failures="0" tests="3" name="Testrunner1" time="0.032" errors="0" timestamp="2022-07-07T11:58:54 IST">
  <testcase classname="Sample.CampaignTest" name="CreateCampaignWithMandatory" time="0.004"/>
  <testcase classname="Sample.CampaignTest" name="CreateCampaignWithEdit" time="0.005"/>
  <testcase classname="Sample.CampaignTest" name="CreateCampaignTest" time="0.005"/>
</testsuite> <!-- Testrunner1 -->
