<?xml version="1.0" encoding="UTF-8"?>
<!-- Generated by org.testng.reporters.JUnitXMLReporter -->
<testsuite ignored="0" hostname="LAPTOP-DCLCG8PK" failures="0" tests="3" name="Test2" time="59.258" errors="0" timestamp="2022-07-06T22:31:06 IST">
  <testcase classname="Sample.OrganizationTest" name="CreateOrganizationTest" time="0.004"/>
  <testcase classname="Sample.OrganizationTest" name="CreateOrganizationWithEdit" time="0.001"/>
  <testcase classname="Sample.OrganizationTest" name="CreateorganizationWithMandatory" time="0.001"/>
</testsuite> <!-- Test2 -->
