<?xml version="1.0" encoding="UTF-8"?>
<!-- Generated by org.testng.reporters.JUnitXMLReporter -->
<testsuite ignored="0" hostname="LAPTOP-DCLCG8PK" failures="0" tests="6" name="Test1" time="59.089" errors="0" timestamp="2022-07-06T22:31:06 IST">
  <testcase classname="Sample.CampaignTest" name="CreateCampaignTest" time="0.006"/>
  <testcase classname="Sample.CampaignTest" name="CreateCampaignWithEdit" time="0.001"/>
  <testcase classname="Sample.CampaignTest" name="CreateCampaignWithMandatory" time="0.001"/>
  <testcase classname="Sample.ContactTest" name="CreateContactTest" time="0.001"/>
  <testcase classname="Sample.ContactTest" name="CreateContactWithEdit" time="0.002"/>
  <testcase classname="Sample.ContactTest" name="CreateContactWithMandatory" time="0.002"/>
</testsuite> <!-- Test1 -->
