<?xml version="1.0" encoding="UTF-8"?>
<!-- Generated by org.testng.reporters.JUnitXMLReporter -->
<testsuite ignored="0" hostname="LAPTOP-DCLCG8PK" failures="1" tests="2" name="Test" time="66.275" errors="0" timestamp="2022-07-08T14:44:33 IST">
  <testcase classname="com.crm.comcast.ContactTest.ContactTest" name="CreateAndDeleteContacttest" time="25.949"/>
  <testcase classname="com.crm.comcast.ContactTest.ContactTest" name="CreateContactTest" time="20.879">
    <failure type="java.lang.AssertionError" message="expected [nandhihalimath] but found [[ CON71 ] nandhihalimath2627 - Contact Information]">
      <![CDATA[java.lang.AssertionError: expected [nandhihalimath] but found [[ CON71 ] nandhihalimath2627 - Contact Information]
at com.crm.comcast.ContactTest.ContactTest.CreateContactTest(ContactTest.java:33)
at java.base/java.util.ArrayList.forEach(ArrayList.java:1511)
... Removed 33 stack frames]]>
    </failure>
  </testcase> <!-- CreateContactTest -->
</testsuite> <!-- Test -->
