<?xml version="1.0" encoding="UTF-8"?>
<!-- Generated by org.testng.reporters.JUnitXMLReporter -->
<testsuite hostname="LAPTOP-DCLCG8PK" ignored="4" name="Test" tests="5" failures="0" timestamp="2022-07-15T10:26:10 IST" time="77.354" errors="0">
  <testcase name="CreateCampaignTest" time="7.367" classname="com.crm.comcast.CampaignTest.CampaignTest"/>
  <testcase name="createcampaignaproductTest" time="14.184" classname="com.crm.comcast.CampaignTest.CampaignTest"/>
  <testcase name="createOrganizationTest" time="8.874" classname="com.crm.concast.OrganizationTest.OrganizationTest"/>
  <testcase name="CreateAndDeleteContacttest" time="12.155" classname="com.crm.comcast.ContactTest.ContactTest"/>
  <testcase name="CreateContactTest" time="8.588" classname="com.crm.comcast.ContactTest.ContactTest"/>
  <testcase name="@BeforeSuite configBS" time="0.0" classname="com.crm.comcast.GenericUtility.BaseClass">
    <ignored/>
  </testcase> <!-- @BeforeSuite configBS -->
  <testcase name="@BeforeSuite configBS" time="0.0" classname="com.crm.comcast.GenericUtility.BaseClass">
    <ignored/>
  </testcase> <!-- @BeforeSuite configBS -->
  <testcase name="@AfterSuite configAS" time="0.0" classname="com.crm.comcast.GenericUtility.BaseClass">
    <ignored/>
  </testcase> <!-- @AfterSuite configAS -->
  <testcase name="@AfterSuite configAS" time="0.0" classname="com.crm.comcast.GenericUtility.BaseClass">
    <ignored/>
  </testcase> <!-- @AfterSuite configAS -->
</testsuite> <!-- Test -->
