<?xml version="1.0" encoding="UTF-8"?>
<!-- Generated by org.testng.reporters.JUnitXMLReporter -->
<testsuite ignored="3" hostname="LAPTOP-DCLCG8PK" failures="0" tests="1" name="Test" time="20.755" errors="0" timestamp="2022-07-07T11:37:44 IST">
  <testcase classname="com.crm.comcast.CampaignTest.CampaignTest" name="createcampaignaproductTest" time="15.056"/>
  <testcase classname="com.crm.comcast.GenericUtility.BaseClass" name="@AfterSuite configAS" time="0.0">
    <ignored/>
  </testcase> <!-- @AfterSuite configAS -->
  <testcase classname="com.crm.comcast.CampaignTest.CampaignTest" name="CreateCampaignTest" time="0.0">
    <ignored/>
  </testcase> <!-- CreateCampaignTest -->
  <testcase classname="com.crm.concast.OrganizationTest.OrganizationTest" name="createOrganizationTest" time="0.0">
    <ignored/>
  </testcase> <!-- createOrganizationTest -->
</testsuite> <!-- Test -->
