<?xml version="1.0" encoding="UTF-8"?>
<!-- Generated by org.testng.reporters.JUnitXMLReporter -->
<testsuite ignored="4" hostname="LAPTOP-DCLCG8PK" failures="0" tests="9" name="Test" time="68.037" errors="0" timestamp="2022-07-06T10:19:57 IST">
  <testcase classname="Sample.CampaignTest" name="CreateCampaignTest" time="0.007"/>
  <testcase classname="Sample.CampaignTest" name="CreateCampaignWithEdit" time="0.001"/>
  <testcase classname="Sample.CampaignTest" name="CreateCampaignWithMandatory" time="0.001"/>
  <testcase classname="Sample.OrganizationTest" name="CreateOrganizationTest" time="0.001"/>
  <testcase classname="Sample.OrganizationTest" name="CreateOrganizationWithEdit" time="0.001"/>
  <testcase classname="Sample.OrganizationTest" name="CreateorganizationWithMandatory" time="0.002"/>
  <testcase classname="Sample.ContactTest" name="CreateContactTest" time="0.003"/>
  <testcase classname="Sample.ContactTest" name="CreateContactWithEdit" time="0.001"/>
  <testcase classname="Sample.ContactTest" name="CreateContactWithMandatory" time="0.001"/>
  <testcase classname="com.crm.comcast.GenericUtility.BaseClass" name="@BeforeSuite configBS" time="0.0">
    <ignored/>
  </testcase> <!-- @BeforeSuite configBS -->
  <testcase classname="com.crm.comcast.GenericUtility.BaseClass" name="@BeforeSuite configBS" time="0.0">
    <ignored/>
  </testcase> <!-- @BeforeSuite configBS -->
  <testcase classname="com.crm.comcast.GenericUtility.BaseClass" name="@AfterSuite configAS" time="0.0">
    <ignored/>
  </testcase> <!-- @AfterSuite configAS -->
  <testcase classname="com.crm.comcast.GenericUtility.BaseClass" name="@AfterSuite configAS" time="0.0">
    <ignored/>
  </testcase> <!-- @AfterSuite configAS -->
</testsuite> <!-- Test -->
