<?xml version="1.0" encoding="UTF-8"?>
<!-- Generated by org.testng.reporters.JUnitXMLReporter -->
<testsuite ignored="2" hostname="LAPTOP-DCLCG8PK" failures="0" tests="4" name="Test_runner1" time="62.187" errors="0" timestamp="2022-07-07T11:55:16 IST">
  <testcase classname="com.crm.comcast.CampaignTest.CampaignTest" name="CreateCampaignTest" time="8.715"/>
  <testcase classname="com.crm.comcast.CampaignTest.CampaignTest" name="createcampaignaproductTest" time="14.407"/>
  <testcase classname="com.crm.comcast.ContactTest.ContactTest" name="CreateAndDeleteContacttest" time="11.945"/>
  <testcase classname="com.crm.comcast.ContactTest.ContactTest" name="CreateContactTest" time="8.368"/>
  <testcase classname="com.crm.comcast.GenericUtility.BaseClass" name="@BeforeSuite configBS" time="0.0">
    <ignored/>
  </testcase> <!-- @BeforeSuite configBS -->
  <testcase classname="com.crm.comcast.GenericUtility.BaseClass" name="@AfterSuite configAS" time="0.0">
    <ignored/>
  </testcase> <!-- @AfterSuite configAS -->
</testsuite> <!-- Test_runner1 -->
