<?xml version="1.0" encoding="UTF-8"?>
<!-- Generated by org.testng.reporters.JUnitXMLReporter -->
<testsuite ignored="2" hostname="LAPTOP-DCLCG8PK" failures="0" tests="1" name="Test" time="0.07" errors="0" timestamp="2022-07-06T17:53:16 IST">
  <testcase classname="Sample.CampaignTest" name="CreateCampaignTest" time="0.013"/>
  <testcase classname="Sample.CampaignTest" name="CreateCampaignWithEdit" time="0.0">
    <ignored/>
  </testcase> <!-- CreateCampaignWithEdit -->
  <testcase classname="Sample.CampaignTest" name="CreateCampaignWithMandatory" time="0.0">
    <ignored/>
  </testcase> <!-- CreateCampaignWithMandatory -->
</testsuite> <!-- Test -->
