<?xml version="1.0" encoding="UTF-8"?>
<!-- Generated by org.testng.reporters.JUnitXMLReporter -->
<testsuite hostname="LAPTOP-DCLCG8PK" ignored="1" name="Test" tests="1" failures="0" timestamp="2022-07-14T16:40:23 IST" time="37.747" errors="0">
  <testcase name="CreateCampaignTest" time="21.837" classname="com.crm.comcast.CampaignTest.CampaignTest"/>
  <testcase name="createcampaignaproductTest" time="0.0" classname="com.crm.comcast.CampaignTest.CampaignTest">
    <ignored/>
  </testcase> <!-- createcampaignaproductTest -->
</testsuite> <!-- Test -->
